<?xml version="1.0" encoding="UTF-8"?>
<!-- Generated by org.testng.reporters.JUnitXMLReporter -->
<testsuite hostname="admin-PC" ignored="0" name="Test1" tests="3" failures="0" timestamp="24 Apr 2019 12:46:29 GMT" time="22.019" errors="0">
  <testcase name="Invalid_Login" time="1.902" classname="Idlidabba.ERP.Login"/>
  <testcase name="Invalid_Login1" time="1.243" classname="Idlidabba.ERP.Login"/>
  <testcase name="Valid_Login" time="6.644" classname="Idlidabba.ERP.Login"/>
</testsuite> <!-- Test1 -->
